[2m2021-03-04 14:55:22.264[0;39m [  ] [32m INFO[0;39m [35m3640[0;39m [2m---[0;39m [2m[  restartedMain][0;39m [36mcom.revature.latza.Project1Application  [0;39m [2m:[0;39m Starting Project1Application using Java 15.0.1 on LAPTOP-0KMC1427 with PID 3640 (C:\Users\thatG\Documents\00revature\Projects\project1\target\classes started by thatG in C:\Users\thatG\Documents\00revature\Projects\project1)
[2m2021-03-04 14:55:24.430[0;39m [  ] [32mDEBUG[0;39m [35m3640[0;39m [2m---[0;39m [2m[  restartedMain][0;39m [36mcom.revature.latza.Project1Application  [0;39m [2m:[0;39m Running with Spring Boot v2.4.2, Spring v5.3.3
[2m2021-03-04 14:55:24.433[0;39m [  ] [32m INFO[0;39m [35m3640[0;39m [2m---[0;39m [2m[  restartedMain][0;39m [36mcom.revature.latza.Project1Application  [0;39m [2m:[0;39m No active profile set, falling back to default profiles: default
[2m2021-03-04 14:55:34.359[0;39m [  ] [32m INFO[0;39m [35m3640[0;39m [2m---[0;39m [2m[  restartedMain][0;39m [36mcom.revature.latza.Project1Application  [0;39m [2m:[0;39m Started Project1Application in 15.308 seconds (JVM running for 19.702)
[2m2021-03-04 17:46:13.683[0;39m [  ] [32m INFO[0;39m [35m18792[0;39m [2m---[0;39m [2m[  restartedMain][0;39m [36mcom.revature.latza.Project1Application  [0;39m [2m:[0;39m Starting Project1Application using Java 15.0.1 on LAPTOP-0KMC1427 with PID 18792 (C:\Users\thatG\Documents\00revature\Projects\project1\target\classes started by thatG in C:\Users\thatG\Documents\00revature\Projects\project1)
[2m2021-03-04 17:46:15.693[0;39m [  ] [32mDEBUG[0;39m [35m18792[0;39m [2m---[0;39m [2m[  restartedMain][0;39m [36mcom.revature.latza.Project1Application  [0;39m [2m:[0;39m Running with Spring Boot v2.4.2, Spring v5.3.3
[2m2021-03-04 17:46:15.695[0;39m [  ] [32m INFO[0;39m [35m18792[0;39m [2m---[0;39m [2m[  restartedMain][0;39m [36mcom.revature.latza.Project1Application  [0;39m [2m:[0;39m No active profile set, falling back to default profiles: default
[2m2021-03-04 19:33:14.287[0;39m [  ] [32m INFO[0;39m [35m19592[0;39m [2m---[0;39m [2m[  restartedMain][0;39m [36mcom.revature.latza.Project1Application  [0;39m [2m:[0;39m Starting Project1Application using Java 15.0.1 on LAPTOP-0KMC1427 with PID 19592 (C:\Users\thatG\Documents\00revature\Projects\project1\target\classes started by thatG in C:\Users\thatG\Documents\00revature\Projects\project1)
[2m2021-03-04 19:33:16.313[0;39m [  ] [32mDEBUG[0;39m [35m19592[0;39m [2m---[0;39m [2m[  restartedMain][0;39m [36mcom.revature.latza.Project1Application  [0;39m [2m:[0;39m Running with Spring Boot v2.4.2, Spring v5.3.3
[2m2021-03-04 19:33:16.314[0;39m [  ] [32m INFO[0;39m [35m19592[0;39m [2m---[0;39m [2m[  restartedMain][0;39m [36mcom.revature.latza.Project1Application  [0;39m [2m:[0;39m No active profile set, falling back to default profiles: default
[2m2021-03-05 06:59:47.940[0;39m [  ] [32mDEBUG[0;39m [35m3640[0;39m [2m---[0;39m [2m[  restartedMain][0;39m [36mcom.revature.latza.Project1Application  [0;39m [2m:[0;39m programStart
[2m2021-03-05 06:59:52.189[0;39m [  ] [32m INFO[0;39m [35m3640[0;39m [2m---[0;39m [2m[  restartedMain][0;39m [36mcom.revature.latza.Project1Application  [0;39m [2m:[0;39m Starting Project1Application using Java 15.0.1 on LAPTOP-0KMC1427 with PID 3640 (C:\Users\thatG\Documents\00revature\Projects\project1\target\classes started by thatG in C:\Users\thatG\Documents\00revature\Projects\project1)
[2m2021-03-05 06:59:54.194[0;39m [  ] [32mDEBUG[0;39m [35m3640[0;39m [2m---[0;39m [2m[  restartedMain][0;39m [36mcom.revature.latza.Project1Application  [0;39m [2m:[0;39m Running with Spring Boot v2.4.2, Spring v5.3.3
[2m2021-03-05 06:59:54.194[0;39m [  ] [32m INFO[0;39m [35m3640[0;39m [2m---[0;39m [2m[  restartedMain][0;39m [36mcom.revature.latza.Project1Application  [0;39m [2m:[0;39m No active profile set, falling back to default profiles: default
[2m2021-03-05 06:59:57.406[0;39m [  ] [32m INFO[0;39m [35m3640[0;39m [2m---[0;39m [2m[  restartedMain][0;39m [36mcom.revature.latza.Project1Application  [0;39m [2m:[0;39m Started Project1Application in 7.407 seconds (JVM running for 57882.75)
[2m2021-03-08 14:46:52.466[0;39m [  ] [32m INFO[0;39m [35m22972[0;39m [2m---[0;39m [2m[  restartedMain][0;39m [36mcom.revature.latza.Project1Application  [0;39m [2m:[0;39m Starting Project1Application using Java 15.0.1 on LAPTOP-0KMC1427 with PID 22972 (C:\Users\thatG\Documents\00revature\Projects\project1\target\classes started by thatG in C:\Users\thatG\Documents\00revature\Projects\project1)
[2m2021-03-08 14:46:54.481[0;39m [  ] [32mDEBUG[0;39m [35m22972[0;39m [2m---[0;39m [2m[  restartedMain][0;39m [36mcom.revature.latza.Project1Application  [0;39m [2m:[0;39m Running with Spring Boot v2.4.2, Spring v5.3.3
[2m2021-03-08 14:46:54.483[0;39m [  ] [32m INFO[0;39m [35m22972[0;39m [2m---[0;39m [2m[  restartedMain][0;39m [36mcom.revature.latza.Project1Application  [0;39m [2m:[0;39m No active profile set, falling back to default profiles: default
[2m2021-03-08 14:47:01.582[0;39m [  ] [32m INFO[0;39m [35m22972[0;39m [2m---[0;39m [2m[  restartedMain][0;39m [36mcom.revature.latza.Project1Application  [0;39m [2m:[0;39m Started Project1Application in 11.666 seconds (JVM running for 12.961)
2021-03-08 16:49:20.190 [  ]  INFO 22076 --- [           main] c.r.latza.Project1ApplicationTests       : Starting Project1ApplicationTests using Java 1.8.0_282 on LAPTOP-0KMC1427 with PID 22076 (started by thatG in C:\Users\thatG\Documents\00revature\Projects\project1)
2021-03-08 16:49:22.206 [  ] DEBUG 22076 --- [           main] c.r.latza.Project1ApplicationTests       : Running with Spring Boot v2.4.2, Spring v5.3.3
2021-03-08 16:49:22.209 [  ]  INFO 22076 --- [           main] c.r.latza.Project1ApplicationTests       : No active profile set, falling back to default profiles: default
2021-03-08 16:49:36.282 [  ]  INFO 22076 --- [           main] c.r.latza.Project1ApplicationTests       : Started Project1ApplicationTests in 18.677 seconds (JVM running for 20.832)
